<?xml version="1.0" encoding="UTF-8"?>
<testng-results skipped="0" failed="0" ignored="0" total="1" passed="1">
  <reporter-output>
  </reporter-output>
  <suite name="Default suite" duration-ms="107" started-at="2020-04-22T17:11:47Z" finished-at="2020-04-22T17:11:47Z">
    <groups>
    </groups>
    <test name="Default test" duration-ms="107" started-at="2020-04-22T17:11:47Z" finished-at="2020-04-22T17:11:47Z">
      <class name="com.Demo.Sample">
        <test-method status="PASS" signature="start()[pri:0, instance:com.Demo.Sample@69b794e2]" name="start" duration-ms="27" started-at="2020-04-22T17:11:47Z" finished-at="2020-04-22T17:11:47Z">
          <reporter-output>
          </reporter-output>
        </test-method> <!-- start -->
      </class> <!-- com.Demo.Sample -->
    </test> <!-- Default test -->
  </suite> <!-- Default suite -->
</testng-results>
